\BOOKMARK [0][-]{chapter.1}{\376\377\000A\000s\000s\000i\000g\000n\000m\000e\000n\000t\000\040\0001}{}% 1
\BOOKMARK [1][-]{section.1.1}{\376\377\000I\000n\000t\000r\000o\000d\000u\000c\000t\000i\000o\000n}{chapter.1}% 2
\BOOKMARK [1][-]{section.1.2}{\376\377\000M\000e\000t\000h\000o\000d\000o\000l\000o\000g\000y}{chapter.1}% 3
\BOOKMARK [1][-]{section.1.3}{\376\377\000I\000m\000p\000l\000e\000m\000e\000n\000t\000a\000t\000i\000o\000n}{chapter.1}% 4
\BOOKMARK [2][-]{subsection.1.3.1}{\376\377\000m\000a\000i\000n\000.\000c\000\040\000a\000n\000d\000\040\000a\000c\000c\000e\000s\000s\000o\000r\000i\000e\000s\000\040\000m\000o\000d\000u\000l\000e\000s\000:}{section.1.3}% 5
\BOOKMARK [2][-]{subsection.1.3.2}{\376\377\000i\000n\000i\000t\000i\000a\000l\000i\000z\000a\000t\000i\000o\000n\000\040\000m\000o\000d\000u\000l\000e\000:}{section.1.3}% 6
\BOOKMARK [2][-]{subsection.1.3.3}{\376\377\000r\000u\000n\000n\000i\000n\000g\000\040\000m\000o\000d\000u\000l\000e\000s\000:}{section.1.3}% 7
\BOOKMARK [1][-]{section.1.4}{\376\377\000s\000c\000a\000l\000a\000b\000i\000l\000i\000t\000y\000\040\000r\000e\000s\000u\000l\000t\000s}{chapter.1}% 8
\BOOKMARK [2][-]{subsection.1.4.1}{\376\377\000o\000p\000e\000n\000M\000P\000\040\000s\000c\000a\000l\000a\000b\000i\000l\000i\000t\000y}{section.1.4}% 9
\BOOKMARK [2][-]{subsection.1.4.2}{\376\377\000S\000t\000r\000o\000n\000g\000\040\000M\000P\000I\000\040\000s\000c\000a\000l\000a\000b\000i\000l\000i\000t\000y}{section.1.4}% 10
\BOOKMARK [2][-]{subsection.1.4.3}{\376\377\000W\000e\000a\000k\000\040\000M\000P\000I\000\040\000s\000c\000a\000l\000a\000b\000i\000l\000i\000t\000y}{section.1.4}% 11
\BOOKMARK [1][-]{section.1.5}{\376\377\000F\000i\000n\000a\000l\000\040\000c\000o\000n\000s\000i\000d\000e\000r\000a\000t\000i\000o\000n\000s}{chapter.1}% 12
\BOOKMARK [0][-]{chapter.2}{\376\377\000A\000s\000s\000i\000g\000n\000m\000e\000n\000t\000\040\0002}{}% 13
\BOOKMARK [1][-]{section.2.1}{\376\377\000O\000v\000e\000r\000v\000i\000e\000w}{chapter.2}% 14
\BOOKMARK [1][-]{section.2.2}{\376\377\000O\000R\000F\000E\000O\000\040\000P\000e\000r\000f\000o\000r\000m\000a\000n\000c\000e\000\040\000f\000e\000a\000t\000u\000r\000e\000s}{chapter.2}% 15
\BOOKMARK [2][-]{subsection.2.2.1}{\376\377\000T\000h\000e\000\040\000p\000e\000a\000k\000\040\000p\000e\000r\000f\000o\000r\000m\000a\000n\000c\000e}{section.2.2}% 16
\BOOKMARK [2][-]{subsection.2.2.2}{\376\377\000S\000p\000e\000e\000d\000\040\000u\000p}{section.2.2}% 17
\BOOKMARK [1][-]{section.2.3}{\376\377\000S\000t\000e\000p\000s\000\040\000D\000o\000n\000e}{chapter.2}% 18
\BOOKMARK [2][-]{subsection.2.3.1}{\376\377\000P\000r\000e\000l\000i\000m\000i\000n\000a\000r\000y\000\040\000w\000o\000r\000k\000:\000\040\000t\000h\000e\000\040\000m\000a\000k\000e\000f\000i\000l\000e}{section.2.3}% 19
\BOOKMARK [2][-]{subsection.2.3.2}{\376\377\000T\000h\000e\000\040\000b\000l\000i\000s\000\040\000l\000i\000b\000r\000a\000r\000y}{section.2.3}% 20
\BOOKMARK [2][-]{subsection.2.3.3}{\376\377\000D\000i\000s\000c\000r\000i\000m\000i\000n\000a\000t\000i\000n\000g\000\040\000b\000r\000i\000e\000f\000\040\000a\000n\000a\000l\000y\000s\000i\000s}{section.2.3}% 21
\BOOKMARK [2][-]{subsection.2.3.4}{\376\377\000B\000u\000i\000l\000d\000i\000n\000g\000\040\000t\000h\000e\000\040\000b\000a\000s\000h\000\040\000s\000c\000r\000i\000p\000t}{section.2.3}% 22
\BOOKMARK [2][-]{subsection.2.3.5}{\376\377\000T\000h\000e\000\040\000c\000a\000s\000e\000\040\000s\000t\000u\000d\000i\000e\000s}{section.2.3}% 23
\BOOKMARK [1][-]{section.2.4}{\376\377\000R\000e\000s\000u\000l\000t\000s\000\040\000a\000n\000d\000\040\000d\000i\000s\000c\000u\000s\000s\000i\000o\000n}{chapter.2}% 24
\BOOKMARK [2][-]{subsection.2.4.1}{\376\377\000T\000H\000I\000N\000\040\000c\000a\000s\000e}{section.2.4}% 25
\BOOKMARK [2][-]{subsection.2.4.2}{\376\377\000E\000P\000Y\000C\000\040\000c\000a\000s\000e}{section.2.4}% 26
