This is pdfTeX, Version 3.141592653-2.6-1.40.22 (TeX Live 2022/dev/Debian) (preloaded format=pdflatex 2023.6.19)  23 SEP 2023 05:49
entering extended mode
 restricted \write18 enabled.
 %&-line parsing enabled.
**report.tex
(./report.tex
LaTeX2e <2021-11-15> patch level 1
L3 programming layer <2022-01-21>
(/usr/share/texlive/texmf-dist/tex/latex/base/report.cls
Document Class: report 2021/10/04 v1.4n Standard LaTeX document class
(/usr/share/texlive/texmf-dist/tex/latex/base/size12.clo
File: size12.clo 2021/10/04 v1.4n Standard LaTeX file (size option)
)
\c@part=\count185
\c@chapter=\count186
\c@section=\count187
\c@subsection=\count188
\c@subsubsection=\count189
\c@paragraph=\count190
\c@subparagraph=\count191
\c@figure=\count192
\c@table=\count193
\abovecaptionskip=\skip47
\belowcaptionskip=\skip48
\bibindent=\dimen138
)
(/usr/share/texlive/texmf-dist/tex/latex/base/fontenc.sty
Package: fontenc 2021/04/29 v2.0v Standard LaTeX package
)
(/usr/share/texlive/texmf-dist/tex/latex/hyperref/hyperref.sty
Package: hyperref 2021-06-07 v7.00m Hypertext links for LaTeX

(/usr/share/texlive/texmf-dist/tex/generic/ltxcmds/ltxcmds.sty
Package: ltxcmds 2020-05-10 v1.25 LaTeX kernel commands for general use (HO)
)
(/usr/share/texlive/texmf-dist/tex/generic/iftex/iftex.sty
Package: iftex 2020/03/06 v1.0d TeX engine tests
)
(/usr/share/texlive/texmf-dist/tex/generic/pdftexcmds/pdftexcmds.sty
Package: pdftexcmds 2020-06-27 v0.33 Utility functions of pdfTeX for LuaTeX (HO
)

(/usr/share/texlive/texmf-dist/tex/generic/infwarerr/infwarerr.sty
Package: infwarerr 2019/12/03 v1.5 Providing info/warning/error messages (HO)
)
Package pdftexcmds Info: \pdf@primitive is available.
Package pdftexcmds Info: \pdf@ifprimitive is available.
Package pdftexcmds Info: \pdfdraftmode found.
)
(/usr/share/texlive/texmf-dist/tex/latex/graphics/keyval.sty
Package: keyval 2014/10/28 v1.15 key=value parser (DPC)
\KV@toks@=\toks16
)
(/usr/share/texlive/texmf-dist/tex/generic/kvsetkeys/kvsetkeys.sty
Package: kvsetkeys 2019/12/15 v1.18 Key value parser (HO)
)
(/usr/share/texlive/texmf-dist/tex/generic/kvdefinekeys/kvdefinekeys.sty
Package: kvdefinekeys 2019-12-19 v1.6 Define keys (HO)
)
(/usr/share/texlive/texmf-dist/tex/generic/pdfescape/pdfescape.sty
Package: pdfescape 2019/12/09 v1.15 Implements pdfTeX's escape features (HO)
)
(/usr/share/texlive/texmf-dist/tex/latex/hycolor/hycolor.sty
Package: hycolor 2020-01-27 v1.10 Color options for hyperref/bookmark (HO)
)
(/usr/share/texlive/texmf-dist/tex/latex/letltxmacro/letltxmacro.sty
Package: letltxmacro 2019/12/03 v1.6 Let assignment for LaTeX macros (HO)
)
(/usr/share/texlive/texmf-dist/tex/latex/auxhook/auxhook.sty
Package: auxhook 2019-12-17 v1.6 Hooks for auxiliary files (HO)
)
(/usr/share/texlive/texmf-dist/tex/latex/kvoptions/kvoptions.sty
Package: kvoptions 2020-10-07 v3.14 Key value format for package options (HO)
)
\@linkdim=\dimen139
\Hy@linkcounter=\count194
\Hy@pagecounter=\count195

(/usr/share/texlive/texmf-dist/tex/latex/hyperref/pd1enc.def
File: pd1enc.def 2021-06-07 v7.00m Hyperref: PDFDocEncoding definition (HO)
Now handling font encoding PD1 ...
... no UTF-8 mapping file for font encoding PD1
)
(/usr/share/texlive/texmf-dist/tex/latex/hyperref/hyperref-langpatches.def
File: hyperref-langpatches.def 2021-06-07 v7.00m Hyperref: patches for babel la
nguages
)
(/usr/share/texlive/texmf-dist/tex/generic/intcalc/intcalc.sty
Package: intcalc 2019/12/15 v1.3 Expandable calculations with integers (HO)
)
(/usr/share/texlive/texmf-dist/tex/generic/etexcmds/etexcmds.sty
Package: etexcmds 2019/12/15 v1.7 Avoid name clashes with e-TeX commands (HO)
)
\Hy@SavedSpaceFactor=\count196

(/usr/share/texlive/texmf-dist/tex/latex/hyperref/puenc.def
File: puenc.def 2021-06-07 v7.00m Hyperref: PDF Unicode definition (HO)
Now handling font encoding PU ...
... no UTF-8 mapping file for font encoding PU
)
Package hyperref Info: Hyper figures OFF on input line 4192.
Package hyperref Info: Link nesting OFF on input line 4197.
Package hyperref Info: Hyper index ON on input line 4200.
Package hyperref Info: Plain pages OFF on input line 4207.
Package hyperref Info: Backreferencing OFF on input line 4212.
Package hyperref Info: Implicit mode ON; LaTeX internals redefined.
Package hyperref Info: Bookmarks ON on input line 4445.
\c@Hy@tempcnt=\count197

(/usr/share/texlive/texmf-dist/tex/latex/url/url.sty
\Urlmuskip=\muskip16
Package: url 2013/09/16  ver 3.4  Verb mode for urls, etc.
)
LaTeX Info: Redefining \url on input line 4804.
\XeTeXLinkMargin=\dimen140

(/usr/share/texlive/texmf-dist/tex/generic/bitset/bitset.sty
Package: bitset 2019/12/09 v1.3 Handle bit-vector datatype (HO)

(/usr/share/texlive/texmf-dist/tex/generic/bigintcalc/bigintcalc.sty
Package: bigintcalc 2019/12/15 v1.5 Expandable calculations on big integers (HO
)
))
\Fld@menulength=\count198
\Field@Width=\dimen141
\Fld@charsize=\dimen142
Package hyperref Info: Hyper figures OFF on input line 6076.
Package hyperref Info: Link nesting OFF on input line 6081.
Package hyperref Info: Hyper index ON on input line 6084.
Package hyperref Info: backreferencing OFF on input line 6091.
Package hyperref Info: Link coloring OFF on input line 6096.
Package hyperref Info: Link coloring with OCG OFF on input line 6101.
Package hyperref Info: PDF/A mode OFF on input line 6106.
LaTeX Info: Redefining \ref on input line 6146.
LaTeX Info: Redefining \pageref on input line 6150.

(/usr/share/texlive/texmf-dist/tex/latex/base/atbegshi-ltx.sty
Package: atbegshi-ltx 2021/01/10 v1.0c Emulation of the original atbegshi
package with kernel methods
)
\Hy@abspage=\count199
\c@Item=\count266
\c@Hfootnote=\count267
)
Package hyperref Info: Driver (autodetected): hpdftex.

(/usr/share/texlive/texmf-dist/tex/latex/hyperref/hpdftex.def
File: hpdftex.def 2021-06-07 v7.00m Hyperref driver for pdfTeX

(/usr/share/texlive/texmf-dist/tex/latex/base/atveryend-ltx.sty
Package: atveryend-ltx 2020/08/19 v1.0a Emulation of the original atveryend pac
kage
with kernel methods
)
\Fld@listcount=\count268
\c@bookmark@seq@number=\count269

(/usr/share/texlive/texmf-dist/tex/latex/rerunfilecheck/rerunfilecheck.sty
Package: rerunfilecheck 2019/12/05 v1.9 Rerun checks for auxiliary files (HO)

(/usr/share/texlive/texmf-dist/tex/generic/uniquecounter/uniquecounter.sty
Package: uniquecounter 2019/12/15 v1.4 Provide unlimited unique counter (HO)
)
Package uniquecounter Info: New unique counter `rerunfilecheck' on input line 2
86.
)
\Hy@SectionHShift=\skip49
)
(/usr/share/texlive/texmf-dist/tex/latex/base/inputenc.sty
Package: inputenc 2021/02/14 v1.3d Input encoding file
\inpenc@prehook=\toks17
\inpenc@posthook=\toks18
)
(/usr/share/texlive/texmf-dist/tex/generic/babel/babel.sty
Package: babel 2022/01/26 3.70 The Babel package
\babel@savecnt=\count270
\U@D=\dimen143
\l@unhyphenated=\language5

(/usr/share/texlive/texmf-dist/tex/generic/babel/txtbabel.def)
\bbl@readstream=\read2
\bbl@dirlevel=\count271

(/usr/share/texlive/texmf-dist/tex/generic/babel-english/english.ldf
Language: english 2017/06/06 v3.3r English support from the babel system
Package babel Info: Hyphen rules for 'canadian' set to \l@english
(babel)             (\language0). Reported on input line 102.
Package babel Info: Hyphen rules for 'australian' set to \l@ukenglish
(babel)             (\language3). Reported on input line 105.
Package babel Info: Hyphen rules for 'newzealand' set to \l@ukenglish
(babel)             (\language3). Reported on input line 108.
))
(/usr/share/texlive/texmf-dist/tex/latex/amsmath/amsmath.sty
Package: amsmath 2021/10/15 v2.17l AMS math features
\@mathmargin=\skip50

For additional information on amsmath, use the `?' option.
(/usr/share/texlive/texmf-dist/tex/latex/amsmath/amstext.sty
Package: amstext 2021/08/26 v2.01 AMS text

(/usr/share/texlive/texmf-dist/tex/latex/amsmath/amsgen.sty
File: amsgen.sty 1999/11/30 v2.0 generic functions
\@emptytoks=\toks19
\ex@=\dimen144
))
(/usr/share/texlive/texmf-dist/tex/latex/amsmath/amsbsy.sty
Package: amsbsy 1999/11/29 v1.2d Bold Symbols
\pmbraise@=\dimen145
)
(/usr/share/texlive/texmf-dist/tex/latex/amsmath/amsopn.sty
Package: amsopn 2021/08/26 v2.02 operator names
)
\inf@bad=\count272
LaTeX Info: Redefining \frac on input line 234.
\uproot@=\count273
\leftroot@=\count274
LaTeX Info: Redefining \overline on input line 399.
\classnum@=\count275
\DOTSCASE@=\count276
LaTeX Info: Redefining \ldots on input line 496.
LaTeX Info: Redefining \dots on input line 499.
LaTeX Info: Redefining \cdots on input line 620.
\Mathstrutbox@=\box50
\strutbox@=\box51
\big@size=\dimen146
LaTeX Font Info:    Redeclaring font encoding OML on input line 743.
LaTeX Font Info:    Redeclaring font encoding OMS on input line 744.
\macc@depth=\count277
\c@MaxMatrixCols=\count278
\dotsspace@=\muskip17
\c@parentequation=\count279
\dspbrk@lvl=\count280
\tag@help=\toks20
\row@=\count281
\column@=\count282
\maxfields@=\count283
\andhelp@=\toks21
\eqnshift@=\dimen147
\alignsep@=\dimen148
\tagshift@=\dimen149
\tagwidth@=\dimen150
\totwidth@=\dimen151
\lineht@=\dimen152
\@envbody=\toks22
\multlinegap=\skip51
\multlinetaggap=\skip52
\mathdisplay@stack=\toks23
LaTeX Info: Redefining \[ on input line 2938.
LaTeX Info: Redefining \] on input line 2939.
)
(/usr/share/texlive/texmf-dist/tex/latex/amscls/amsthm.sty
Package: amsthm 2020/05/29 v2.20.6
\thm@style=\toks24
\thm@bodyfont=\toks25
\thm@headfont=\toks26
\thm@notefont=\toks27
\thm@headpunct=\toks28
\thm@preskip=\skip53
\thm@postskip=\skip54
\thm@headsep=\skip55
\dth@everypar=\toks29
)
(/usr/share/texlive/texmf-dist/tex/latex/amsfonts/amssymb.sty
Package: amssymb 2013/01/14 v3.01 AMS font symbols

(/usr/share/texlive/texmf-dist/tex/latex/amsfonts/amsfonts.sty
Package: amsfonts 2013/01/14 v3.01 Basic AMSFonts support
\symAMSa=\mathgroup4
\symAMSb=\mathgroup5
LaTeX Font Info:    Redeclaring math symbol \hbar on input line 98.
LaTeX Font Info:    Overwriting math alphabet `\mathfrak' in version `bold'
(Font)                  U/euf/m/n --> U/euf/b/n on input line 106.
))
(/usr/share/texlive/texmf-dist/tex/latex/mathtools/mathtools.sty
Package: mathtools 2021/02/02 v1.28 mathematical typesetting tools

(/usr/share/texlive/texmf-dist/tex/latex/tools/calc.sty
Package: calc 2017/05/25 v4.3 Infix arithmetic (KKT,FJ)
\calc@Acount=\count284
\calc@Bcount=\count285
\calc@Adimen=\dimen153
\calc@Bdimen=\dimen154
\calc@Askip=\skip56
\calc@Bskip=\skip57
LaTeX Info: Redefining \setlength on input line 80.
LaTeX Info: Redefining \addtolength on input line 81.
\calc@Ccount=\count286
\calc@Cskip=\skip58
)
(/usr/share/texlive/texmf-dist/tex/latex/mathtools/mhsetup.sty
Package: mhsetup 2021/03/18 v1.4 programming setup (MH)
)
\g_MT_multlinerow_int=\count287
\l_MT_multwidth_dim=\dimen155
\origjot=\skip59
\l_MT_shortvdotswithinadjustabove_dim=\dimen156
\l_MT_shortvdotswithinadjustbelow_dim=\dimen157
\l_MT_above_intertext_sep=\dimen158
\l_MT_below_intertext_sep=\dimen159
\l_MT_above_shortintertext_sep=\dimen160
\l_MT_below_shortintertext_sep=\dimen161
\xmathstrut@box=\box52
\xmathstrut@dim=\dimen162
)
(/usr/share/texlive/texmf-dist/tex/latex/booktabs/booktabs.sty
Package: booktabs 2020/01/12 v1.61803398 Publication quality tables
\heavyrulewidth=\dimen163
\lightrulewidth=\dimen164
\cmidrulewidth=\dimen165
\belowrulesep=\dimen166
\belowbottomsep=\dimen167
\aboverulesep=\dimen168
\abovetopsep=\dimen169
\cmidrulesep=\dimen170
\cmidrulekern=\dimen171
\defaultaddspace=\dimen172
\@cmidla=\count288
\@cmidlb=\count289
\@aboverulesep=\dimen173
\@belowrulesep=\dimen174
\@thisruleclass=\count290
\@lastruleclass=\count291
\@thisrulewidth=\dimen175
)
(/usr/share/texlive/texmf-dist/tex/latex/caption/caption.sty
Package: caption 2020/10/26 v3.5g Customizing captions (AR)

(/usr/share/texlive/texmf-dist/tex/latex/caption/caption3.sty
Package: caption3 2020/10/21 v2.2e caption3 kernel (AR)
\captionmargin=\dimen176
\captionmargin@=\dimen177
\captionwidth=\dimen178
\caption@tempdima=\dimen179
\caption@indent=\dimen180
\caption@parindent=\dimen181
\caption@hangindent=\dimen182
Package caption Info: Standard document class detected.
)
\c@caption@flags=\count292
\c@continuedfloat=\count293
Package caption Info: hyperref package is loaded.
)
(/usr/share/texlive/texmf-dist/tex/latex/caption/subcaption.sty
Package: subcaption 2020/10/07 v1.3j Sub-captions (AR)
\c@subfigure=\count294
\c@subtable=\count295
)
(/usr/share/texlive/texmf-dist/tex/latex/graphics/graphicx.sty
Package: graphicx 2021/09/16 v1.2d Enhanced LaTeX Graphics (DPC,SPQR)

(/usr/share/texlive/texmf-dist/tex/latex/graphics/graphics.sty
Package: graphics 2021/03/04 v1.4d Standard LaTeX Graphics (DPC,SPQR)

(/usr/share/texlive/texmf-dist/tex/latex/graphics/trig.sty
Package: trig 2021/08/11 v1.11 sin cos tan (DPC)
)
(/usr/share/texlive/texmf-dist/tex/latex/graphics-cfg/graphics.cfg
File: graphics.cfg 2016/06/04 v1.11 sample graphics configuration
)
Package graphics Info: Driver file: pdftex.def on input line 107.

(/usr/share/texlive/texmf-dist/tex/latex/graphics-def/pdftex.def
File: pdftex.def 2020/10/05 v1.2a Graphics/color driver for pdftex
))
\Gin@req@height=\dimen183
\Gin@req@width=\dimen184
)
(/usr/share/texlive/texmf-dist/tex/latex/float/float.sty
Package: float 2001/11/08 v1.3d Float enhancements (AL)
\c@float@type=\count296
\float@exts=\toks30
\float@box=\box53
\@float@everytoks=\toks31
\@floatcapt=\box54
)
(/usr/share/texlive/texmf-dist/tex/latex/multirow/multirow.sty
Package: multirow 2021/03/15 v2.8 Span multiple rows of a table
\multirow@colwidth=\skip60
\multirow@cntb=\count297
\multirow@dima=\skip61
\bigstrutjot=\dimen185
)
(/usr/share/texlive/texmf-dist/tex/latex/braket/braket.sty)
(/usr/share/texlive/texmf-dist/tex/latex/tocbibind/tocbibind.sty
Package: tocbibind 2010/10/13 v1.5k extra ToC listings
Package tocbibind Info: The document has chapter divisions on input line 50.


Package tocbibind Note: Using chapter style headings, unless overridden.

) (/usr/share/texlive/texmf-dist/tex/latex/blindtext/blindtext.sty
Package: blindtext 2012/01/06 V2.0 blindtext-Package

(/usr/share/texlive/texmf-dist/tex/latex/tools/xspace.sty
Package: xspace 2014/10/28 v1.13 Space after command names (DPC,MH)
)
\c@blindtext=\count298
\c@Blindtext=\count299
\c@blind@countparstart=\count300
\blind@countxx=\count301
\blindtext@numBlindtext=\count302
\blind@countyy=\count303
\c@blindlist=\count304
\c@blindlistlevel=\count305
\c@blindlist@level=\count306
\blind@listitem=\count307
\c@blind@listcount=\count308
\c@blind@levelcount=\count309
\blind@mathformula=\count310
\blind@Mathformula=\count311
\c@blind@randomcount=\count312
\c@blind@randommax=\count313
\c@blind@pangramcount=\count314
\c@blind@pangrammax=\count315
)
(/usr/share/texlive/texmf-dist/tex/latex/koma-script/scrextend.sty
Package: scrextend 2021/11/13 v3.35 KOMA-Script package (extend other classes w
ith features of KOMA-Script classes)

(/usr/share/texlive/texmf-dist/tex/latex/koma-script/scrkbase.sty
Package: scrkbase 2021/11/13 v3.35 KOMA-Script package (KOMA-Script-dependent b
asics and keyval usage)

(/usr/share/texlive/texmf-dist/tex/latex/koma-script/scrbase.sty
Package: scrbase 2021/11/13 v3.35 KOMA-Script package (KOMA-Script-independent 
basics and keyval usage)

(/usr/share/texlive/texmf-dist/tex/latex/koma-script/scrlfile.sty
Package: scrlfile 2021/11/13 v3.35 KOMA-Script package (file load hooks)

(/usr/share/texlive/texmf-dist/tex/latex/koma-script/scrlfile-hook.sty
Package: scrlfile-hook 2021/11/13 v3.35 KOMA-Script package (using LaTeX hooks)


(/usr/share/texlive/texmf-dist/tex/latex/koma-script/scrlogo.sty
Package: scrlogo 2021/11/13 v3.35 KOMA-Script package (logo)
)))
Applying: [2021/05/01] Usage of raw or classic option list on input line 252.
Already applied: [0000/00/00] Usage of raw or classic option list on input line
 368.
))

LaTeX Warning: Command \@footnotemark  has changed.
               Check if current package is valid.

) (/usr/share/texlive/texmf-dist/tex/latex/l3backend/l3backend-pdftex.def
File: l3backend-pdftex.def 2022-01-12 L3 backend support: PDF output (pdfTeX)
\l__color_backend_stack_int=\count316
\l__pdf_internal_box=\box55
)
(./report.aux)
\openout1 = `report.aux'.

LaTeX Font Info:    Checking defaults for OML/cmm/m/it on input line 25.
LaTeX Font Info:    ... okay on input line 25.
LaTeX Font Info:    Checking defaults for OMS/cmsy/m/n on input line 25.
LaTeX Font Info:    ... okay on input line 25.
LaTeX Font Info:    Checking defaults for OT1/cmr/m/n on input line 25.
LaTeX Font Info:    ... okay on input line 25.
LaTeX Font Info:    Checking defaults for T1/cmr/m/n on input line 25.
LaTeX Font Info:    ... okay on input line 25.
LaTeX Font Info:    Checking defaults for TS1/cmr/m/n on input line 25.
LaTeX Font Info:    ... okay on input line 25.
LaTeX Font Info:    Checking defaults for OMX/cmex/m/n on input line 25.
LaTeX Font Info:    ... okay on input line 25.
LaTeX Font Info:    Checking defaults for U/cmr/m/n on input line 25.
LaTeX Font Info:    ... okay on input line 25.
LaTeX Font Info:    Checking defaults for PD1/pdf/m/n on input line 25.
LaTeX Font Info:    ... okay on input line 25.
LaTeX Font Info:    Checking defaults for PU/pdf/m/n on input line 25.
LaTeX Font Info:    ... okay on input line 25.
Package hyperref Info: Link coloring OFF on input line 25.
 (/usr/share/texlive/texmf-dist/tex/latex/hyperref/nameref.sty
Package: nameref 2021-04-02 v2.47 Cross-referencing by name of section

(/usr/share/texlive/texmf-dist/tex/latex/refcount/refcount.sty
Package: refcount 2019/12/15 v3.6 Data extraction from label references (HO)
)
(/usr/share/texlive/texmf-dist/tex/generic/gettitlestring/gettitlestring.sty
Package: gettitlestring 2019/12/15 v1.6 Cleanup title references (HO)
)
\c@section@level=\count317
)
LaTeX Info: Redefining \ref on input line 25.
LaTeX Info: Redefining \pageref on input line 25.
LaTeX Info: Redefining \nameref on input line 25.

(./report.out) (./report.out)
\@outlinefile=\write3
\openout3 = `report.out'.

Package caption Info: Begin \AtBeginDocument code.
Package caption Info: float package is loaded.
Package caption Info: End \AtBeginDocument code.

(/usr/share/texlive/texmf-dist/tex/context/base/mkii/supp-pdf.mkii
[Loading MPS to PDF converter (version 2006.09.02).]
\scratchcounter=\count318
\scratchdimen=\dimen186
\scratchbox=\box56
\nofMPsegments=\count319
\nofMParguments=\count320
\everyMPshowfont=\toks32
\MPscratchCnt=\count321
\MPscratchDim=\dimen187
\MPnumerator=\count322
\makeMPintoPDFobject=\count323
\everyMPtoPDFconversion=\toks33
) (/usr/share/texlive/texmf-dist/tex/latex/epstopdf-pkg/epstopdf-base.sty
Package: epstopdf-base 2020-01-24 v2.11 Base part for package epstopdf
Package epstopdf-base Info: Redefining graphics rule for `.eps' on input line 4
85.

(/usr/share/texlive/texmf-dist/tex/latex/latexconfig/epstopdf-sys.cfg
File: epstopdf-sys.cfg 2010/07/13 v1.3 Configuration of (r)epstopdf for TeX Liv
e
))
LaTeX Font Info:    Trying to load font information for U+msa on input line 28.


(/usr/share/texlive/texmf-dist/tex/latex/amsfonts/umsa.fd
File: umsa.fd 2013/01/14 v3.01 AMS symbols A
)
LaTeX Font Info:    Trying to load font information for U+msb on input line 28.


(/usr/share/texlive/texmf-dist/tex/latex/amsfonts/umsb.fd
File: umsb.fd 2013/01/14 v3.01 AMS symbols B
) [1

{/var/lib/texmf/fonts/map/pdftex/updmap/pdftex.map}] (./report.toc)
\tf@toc=\write4
\openout4 = `report.toc'.

pdfTeX warning (ext4): destination with the same identifier (name{page.1}) has 
been already used, duplicate ignored
<to be read again> 
                   \relax 
l.30 \newpage
              [1

]
Chapter 1.

LaTeX Warning: No positions in optional float specifier.
               Default added (so using `tbp') on input line 46.

<Assignment-1/ordered.png, id=149, 897.3525pt x 471.7625pt>
File: Assignment-1/ordered.png Graphic file (type png)
<use Assignment-1/ordered.png>
Package pdftex.def Info: Assignment-1/ordered.png  used on input line 48.
(pdftex.def)             Requested size: 350.99762pt x 184.52652pt.
[2

]
Overfull \hbox (1.92236pt too wide) in paragraph at lines 68--77
\T1/cmr/m/n/12 OpenMP li-braries, and im-ple-ments all the evo-lu-tion meth-ods
 de-scribed above.
 []

[3 <./Assignment-1/ordered.png>] [4] [5] [6] [7] [8] [9] [10] [11]
<Assignment-1/OMP-static-10000-10-THIN-1sockettime.png, id=222, 578.16pt x 289.
08pt>
File: Assignment-1/OMP-static-10000-10-THIN-1sockettime.png Graphic file (type 
png)
<use Assignment-1/OMP-static-10000-10-THIN-1sockettime.png>
Package pdftex.def Info: Assignment-1/OMP-static-10000-10-THIN-1sockettime.png 
 used on input line 275.
(pdftex.def)             Requested size: 390.0pt x 194.99706pt.

Underfull \hbox (badness 10000) in paragraph at lines 266--277

 []

<Assignment-1/OMP-static-17500-10-THIN-1sockettime.png, id=223, 578.16pt x 289.
08pt>
File: Assignment-1/OMP-static-17500-10-THIN-1sockettime.png Graphic file (type 
png)
<use Assignment-1/OMP-static-17500-10-THIN-1sockettime.png>
Package pdftex.def Info: Assignment-1/OMP-static-17500-10-THIN-1sockettime.png 
 used on input line 280.
(pdftex.def)             Requested size: 390.0pt x 194.99706pt.
[12]
<Assignment-1/OMP-static-10000-10-THIN-1socketspeedUp.png, id=231, 578.16pt x 2
89.08pt>
File: Assignment-1/OMP-static-10000-10-THIN-1socketspeedUp.png Graphic file (ty
pe png)
<use Assignment-1/OMP-static-10000-10-THIN-1socketspeedUp.png>
Package pdftex.def Info: Assignment-1/OMP-static-10000-10-THIN-1socketspeedUp.p
ng  used on input line 285.
(pdftex.def)             Requested size: 390.0pt x 194.99706pt.
<Assignment-1/OMP-static-17500-10-THIN-1socketspeedUp.png, id=232, 578.16pt x 2
89.08pt>
File: Assignment-1/OMP-static-17500-10-THIN-1socketspeedUp.png Graphic file (ty
pe png)
<use Assignment-1/OMP-static-17500-10-THIN-1socketspeedUp.png>
Package pdftex.def Info: Assignment-1/OMP-static-17500-10-THIN-1socketspeedUp.p
ng  used on input line 290.
(pdftex.def)             Requested size: 390.0pt x 194.99706pt.
 [13 <./Assignment-1/OMP-static-10000-10-THIN-1sockettime.png> <./Assignment-1/
OMP-static-17500-10-THIN-1sockettime.png>]
<Assignment-1/OMP-static-10000-10-THIN-1socketefficiency.png, id=241, 578.16pt 
x 289.08pt>
File: Assignment-1/OMP-static-10000-10-THIN-1socketefficiency.png Graphic file 
(type png)
<use Assignment-1/OMP-static-10000-10-THIN-1socketefficiency.png>
Package pdftex.def Info: Assignment-1/OMP-static-10000-10-THIN-1socketefficienc
y.png  used on input line 295.
(pdftex.def)             Requested size: 390.0pt x 194.99706pt.
<Assignment-1/OMP-static-17500-10-THIN-1socketefficiency.png, id=242, 578.16pt 
x 289.08pt>
File: Assignment-1/OMP-static-17500-10-THIN-1socketefficiency.png Graphic file 
(type png)
<use Assignment-1/OMP-static-17500-10-THIN-1socketefficiency.png>
Package pdftex.def Info: Assignment-1/OMP-static-17500-10-THIN-1socketefficienc
y.png  used on input line 300.
(pdftex.def)             Requested size: 390.0pt x 194.99706pt.
 [14 <./Assignment-1/OMP-static-10000-10-THIN-1socketspeedUp.png> <./Assignment
-1/OMP-static-17500-10-THIN-1socketspeedUp.png>]
<Assignment-1/OMP-static-10000-10-EPYC-1sockettime.png, id=251, 578.16pt x 289.
08pt>
File: Assignment-1/OMP-static-10000-10-EPYC-1sockettime.png Graphic file (type 
png)
<use Assignment-1/OMP-static-10000-10-EPYC-1sockettime.png>
Package pdftex.def Info: Assignment-1/OMP-static-10000-10-EPYC-1sockettime.png 
 used on input line 306.
(pdftex.def)             Requested size: 390.0pt x 194.99706pt.
<Assignment-1/OMP-static-17500-10-EPYC-1sockettime.png, id=252, 578.16pt x 289.
08pt>
File: Assignment-1/OMP-static-17500-10-EPYC-1sockettime.png Graphic file (type 
png)
<use Assignment-1/OMP-static-17500-10-EPYC-1sockettime.png>
Package pdftex.def Info: Assignment-1/OMP-static-17500-10-EPYC-1sockettime.png 
 used on input line 311.
(pdftex.def)             Requested size: 390.0pt x 194.99706pt.
 [15 <./Assignment-1/OMP-static-10000-10-THIN-1socketefficiency.png> <./Assignm
ent-1/OMP-static-17500-10-THIN-1socketefficiency.png>]
<Assignment-1/OMP-static-10000-10-EPYC-1socketspeedUp.png, id=261, 578.16pt x 2
89.08pt>
File: Assignment-1/OMP-static-10000-10-EPYC-1socketspeedUp.png Graphic file (ty
pe png)
<use Assignment-1/OMP-static-10000-10-EPYC-1socketspeedUp.png>
Package pdftex.def Info: Assignment-1/OMP-static-10000-10-EPYC-1socketspeedUp.p
ng  used on input line 316.
(pdftex.def)             Requested size: 390.0pt x 194.99706pt.
<Assignment-1/OMP-static-17500-10-EPYC-1socketspeedUp.png, id=262, 578.16pt x 2
89.08pt>
File: Assignment-1/OMP-static-17500-10-EPYC-1socketspeedUp.png Graphic file (ty
pe png)
<use Assignment-1/OMP-static-17500-10-EPYC-1socketspeedUp.png>
Package pdftex.def Info: Assignment-1/OMP-static-17500-10-EPYC-1socketspeedUp.p
ng  used on input line 321.
(pdftex.def)             Requested size: 390.0pt x 194.99706pt.
 [16 <./Assignment-1/OMP-static-10000-10-EPYC-1sockettime.png> <./Assignment-1/
OMP-static-17500-10-EPYC-1sockettime.png>]
<Assignment-1/OMP-static-10000-10-EPYC-1socketefficiency.png, id=271, 578.16pt 
x 289.08pt>
File: Assignment-1/OMP-static-10000-10-EPYC-1socketefficiency.png Graphic file 
(type png)
<use Assignment-1/OMP-static-10000-10-EPYC-1socketefficiency.png>
Package pdftex.def Info: Assignment-1/OMP-static-10000-10-EPYC-1socketefficienc
y.png  used on input line 326.
(pdftex.def)             Requested size: 390.0pt x 194.99706pt.
 [17 <./Assignment-1/OMP-static-10000-10-EPYC-1socketspeedUp.png> <./Assignment
-1/OMP-static-17500-10-EPYC-1socketspeedUp.png>] [18 <./Assignment-1/OMP-static
-10000-10-EPYC-1socketefficiency.png>]
<Assignment-1/MPI_strong-static-10000-10-THINtime.png, id=287, 578.16pt x 289.0
8pt>
File: Assignment-1/MPI_strong-static-10000-10-THINtime.png Graphic file (type p
ng)
<use Assignment-1/MPI_strong-static-10000-10-THINtime.png>
Package pdftex.def Info: Assignment-1/MPI_strong-static-10000-10-THINtime.png  
used on input line 359.
(pdftex.def)             Requested size: 390.0pt x 194.99706pt.
<Assignment-1/MPI_strong-static-10000-10-THIN10000_speedUp.png, id=288, 578.16p
t x 289.08pt>
File: Assignment-1/MPI_strong-static-10000-10-THIN10000_speedUp.png Graphic fil
e (type png)
<use Assignment-1/MPI_strong-static-10000-10-THIN10000_speedUp.png>
Package pdftex.def Info: Assignment-1/MPI_strong-static-10000-10-THIN10000_spee
dUp.png  used on input line 365.
(pdftex.def)             Requested size: 390.0pt x 194.99706pt.
<Assignment-1/MPI_strong-static-12500-10-THIN12500_speedUp.png, id=289, 578.16p
t x 289.08pt>
File: Assignment-1/MPI_strong-static-12500-10-THIN12500_speedUp.png Graphic fil
e (type png)
<use Assignment-1/MPI_strong-static-12500-10-THIN12500_speedUp.png>
Package pdftex.def Info: Assignment-1/MPI_strong-static-12500-10-THIN12500_spee
dUp.png  used on input line 370.
(pdftex.def)             Requested size: 390.0pt x 194.99706pt.
 [19 <./Assignment-1/MPI_strong-static-10000-10-THINtime.png>]
<Assignment-1/MPI_strong-static-17500-10-THIN17500_speedUp.png, id=296, 578.16p
t x 289.08pt>
File: Assignment-1/MPI_strong-static-17500-10-THIN17500_speedUp.png Graphic fil
e (type png)
<use Assignment-1/MPI_strong-static-17500-10-THIN17500_speedUp.png>
Package pdftex.def Info: Assignment-1/MPI_strong-static-17500-10-THIN17500_spee
dUp.png  used on input line 375.
(pdftex.def)             Requested size: 390.0pt x 194.99706pt.
<Assignment-1/MPI_strong-static-10000-10-THIN10000_efficiency.png, id=297, 578.
16pt x 289.08pt>
File: Assignment-1/MPI_strong-static-10000-10-THIN10000_efficiency.png Graphic 
file (type png)
<use Assignment-1/MPI_strong-static-10000-10-THIN10000_efficiency.png>
Package pdftex.def Info: Assignment-1/MPI_strong-static-10000-10-THIN10000_effi
ciency.png  used on input line 380.
(pdftex.def)             Requested size: 390.0pt x 194.99706pt.
 [20 <./Assignment-1/MPI_strong-static-10000-10-THIN10000_speedUp.png> <./Assig
nment-1/MPI_strong-static-12500-10-THIN12500_speedUp.png>]
<Assignment-1/MPI_strong-static-12500-10-THIN12500_efficiency.png, id=306, 578.
16pt x 289.08pt>
File: Assignment-1/MPI_strong-static-12500-10-THIN12500_efficiency.png Graphic 
file (type png)
<use Assignment-1/MPI_strong-static-12500-10-THIN12500_efficiency.png>
Package pdftex.def Info: Assignment-1/MPI_strong-static-12500-10-THIN12500_effi
ciency.png  used on input line 385.
(pdftex.def)             Requested size: 390.0pt x 194.99706pt.
<Assignment-1/MPI_strong-static-17500-10-THIN17500_efficiency.png, id=307, 578.
16pt x 289.08pt>
File: Assignment-1/MPI_strong-static-17500-10-THIN17500_efficiency.png Graphic 
file (type png)
<use Assignment-1/MPI_strong-static-17500-10-THIN17500_efficiency.png>
Package pdftex.def Info: Assignment-1/MPI_strong-static-17500-10-THIN17500_effi
ciency.png  used on input line 390.
(pdftex.def)             Requested size: 390.0pt x 194.99706pt.
 [21 <./Assignment-1/MPI_strong-static-17500-10-THIN17500_speedUp.png> <./Assig
nment-1/MPI_strong-static-10000-10-THIN10000_efficiency.png>] [22 <./Assignment
-1/MPI_strong-static-12500-10-THIN12500_efficiency.png> <./Assignment-1/MPI_str
ong-static-17500-10-THIN17500_efficiency.png>]
<Assignment-1/cores_vs_time.png, id=324, 722.7pt x 433.62pt>
File: Assignment-1/cores_vs_time.png Graphic file (type png)
<use Assignment-1/cores_vs_time.png>
Package pdftex.def Info: Assignment-1/cores_vs_time.png  used on input line 404
.
(pdftex.def)             Requested size: 390.0pt x 233.99913pt.
<Assignment-1/cores_vs_time_focus.png, id=325, 722.7pt x 433.62pt>
File: Assignment-1/cores_vs_time_focus.png Graphic file (type png)
<use Assignment-1/cores_vs_time_focus.png>
Package pdftex.def Info: Assignment-1/cores_vs_time_focus.png  used on input li
ne 409.
(pdftex.def)             Requested size: 390.0pt x 233.99913pt.
<Assignment-1/cores_vs_speedUp_2.png, id=326, 722.7pt x 433.62pt>
File: Assignment-1/cores_vs_speedUp_2.png Graphic file (type png)
<use Assignment-1/cores_vs_speedUp_2.png>
Package pdftex.def Info: Assignment-1/cores_vs_speedUp_2.png  used on input lin
e 414.
(pdftex.def)             Requested size: 390.0pt x 233.99913pt.

[23 <./Assignment-1/cores_vs_time.png>]
<Assignment-1/cores_vs_efficiency_2.png, id=334, 722.7pt x 433.62pt>
File: Assignment-1/cores_vs_efficiency_2.png Graphic file (type png)
<use Assignment-1/cores_vs_efficiency_2.png>
Package pdftex.def Info: Assignment-1/cores_vs_efficiency_2.png  used on input 
line 419.
(pdftex.def)             Requested size: 390.0pt x 233.99913pt.
 [24 <./Assignment-1/cores_vs_time_focus.png>] [25 <./Assignment-1/cores_vs_spe
edUp_2.png> <./Assignment-1/cores_vs_efficiency_2.png>] [26]
<Assignment-1/MPI_W-scalability_static-ev_1omp-threds-THIN_time.png, id=356, 57
8.16pt x 289.08pt>
File: Assignment-1/MPI_W-scalability_static-ev_1omp-threds-THIN_time.png Graphi
c file (type png)
<use Assignment-1/MPI_W-scalability_static-ev_1omp-threds-THIN_time.png>
Package pdftex.def Info: Assignment-1/MPI_W-scalability_static-ev_1omp-threds-T
HIN_time.png  used on input line 475.
(pdftex.def)             Requested size: 390.0pt x 194.99706pt.
<Assignment-1/MPI_W-scalability_static-ev_16omp-threds-THIN_time.png, id=357, 5
78.16pt x 289.08pt>
File: Assignment-1/MPI_W-scalability_static-ev_16omp-threds-THIN_time.png Graph
ic file (type png)
<use Assignment-1/MPI_W-scalability_static-ev_16omp-threds-THIN_time.png>
Package pdftex.def Info: Assignment-1/MPI_W-scalability_static-ev_16omp-threds-
THIN_time.png  used on input line 480.
(pdftex.def)             Requested size: 390.0pt x 194.99706pt.
<Assignment-1/MPI_W-scalability_static-ev_1omp-threds_time.png, id=358, 578.16p
t x 289.08pt>
File: Assignment-1/MPI_W-scalability_static-ev_1omp-threds_time.png Graphic fil
e (type png)
<use Assignment-1/MPI_W-scalability_static-ev_1omp-threds_time.png>
Package pdftex.def Info: Assignment-1/MPI_W-scalability_static-ev_1omp-threds_t
ime.png  used on input line 485.
(pdftex.def)             Requested size: 390.0pt x 194.99706pt.
 [27 <./Assignment-1/MPI_W-scalability_static-ev_1omp-threds-THIN_time.png>]
<Assignment-1/MPI_W-scalability_static-ev_16omp-threds_time.png, id=365, 578.16
pt x 289.08pt>
File: Assignment-1/MPI_W-scalability_static-ev_16omp-threds_time.png Graphic fi
le (type png)
<use Assignment-1/MPI_W-scalability_static-ev_16omp-threds_time.png>
Package pdftex.def Info: Assignment-1/MPI_W-scalability_static-ev_16omp-threds_
time.png  used on input line 490.
(pdftex.def)             Requested size: 390.0pt x 194.99706pt.
 [28 <./Assignment-1/MPI_W-scalability_static-ev_16omp-threds-THIN_time.png> <.
/Assignment-1/MPI_W-scalability_static-ev_1omp-threds_time.png>] [29 <./Assignm
ent-1/MPI_W-scalability_static-ev_16omp-threds_time.png>]
[30]
Chapter 2.
LaTeX Font Info:    Trying to load font information for T1+cmtt on input line 5
18.
(/usr/share/texlive/texmf-dist/tex/latex/base/t1cmtt.fd
File: t1cmtt.fd 2019/12/16 v2.5j Standard LaTeX font definitions
) [31

] [32] [33]
[34]
Overfull \hbox (60.66495pt too wide) in paragraph at lines 639--639
[]    \T1/cmtt/m/n/12 # Load necessary modules (e.g., for MKL, BLIS, or other d
ependencies)[] 
 []

[35]
Overfull \hbox (5.10352pt too wide) in paragraph at lines 651--651
[]    \T1/cmtt/m/n/12 export OMP_PROC_BIND=choice # where choice = close or spr
ead[] 
 []


Overfull \hbox (66.83844pt too wide) in paragraph at lines 651--651
[]\T1/cmtt/m/n/12 Foundations_of_HPC_2022/Assignment/exercise2/blis/lib/skx:$LD
_LIBRARY_PATH[] 
 []

[36] [37] [38] [39]
<THIN 12/sgemm__THIN_12_close_time.png, id=432, 578.16pt x 289.08pt>
File: THIN 12/sgemm__THIN_12_close_time.png Graphic file (type png)
<use THIN 12/sgemm__THIN_12_close_time.png>
Package pdftex.def Info: THIN 12/sgemm__THIN_12_close_time.png  used on input l
ine 803.
(pdftex.def)             Requested size: 390.0pt x 194.99706pt.
<THIN 12/sgemm__THIN_12_close_gflops.png, id=433, 578.16pt x 289.08pt>
File: THIN 12/sgemm__THIN_12_close_gflops.png Graphic file (type png)
<use THIN 12/sgemm__THIN_12_close_gflops.png>
Package pdftex.def Info: THIN 12/sgemm__THIN_12_close_gflops.png  used on input
 line 810.
(pdftex.def)             Requested size: 390.0pt x 194.99706pt.
 [40 <./THIN 12/sgemm__THIN_12_close_time.png>]
<THIN 12/sgemm__THIN_12_spread_time.png, id=440, 578.16pt x 289.08pt>
File: THIN 12/sgemm__THIN_12_spread_time.png Graphic file (type png)
<use THIN 12/sgemm__THIN_12_spread_time.png>
Package pdftex.def Info: THIN 12/sgemm__THIN_12_spread_time.png  used on input 
line 818.
(pdftex.def)             Requested size: 390.0pt x 194.99706pt.
<THIN 12/sgemm__THIN_12_spread_gflops.png, id=441, 578.16pt x 289.08pt>
File: THIN 12/sgemm__THIN_12_spread_gflops.png Graphic file (type png)
<use THIN 12/sgemm__THIN_12_spread_gflops.png>
Package pdftex.def Info: THIN 12/sgemm__THIN_12_spread_gflops.png  used on inpu
t line 823.
(pdftex.def)             Requested size: 390.0pt x 194.99706pt.
 [41 <./THIN 12/sgemm__THIN_12_close_gflops.png> <./THIN 12/sgemm__THIN_12_spre
ad_time.png>]
<THIN 12/dgemm__THIN_12_close_time.png, id=450, 578.16pt x 289.08pt>
File: THIN 12/dgemm__THIN_12_close_time.png Graphic file (type png)
<use THIN 12/dgemm__THIN_12_close_time.png>
Package pdftex.def Info: THIN 12/dgemm__THIN_12_close_time.png  used on input l
ine 832.
(pdftex.def)             Requested size: 390.0pt x 194.99706pt.
<THIN 12/dgemm__THIN_12_close_gflops.png, id=451, 578.16pt x 289.08pt>
File: THIN 12/dgemm__THIN_12_close_gflops.png Graphic file (type png)
<use THIN 12/dgemm__THIN_12_close_gflops.png>
Package pdftex.def Info: THIN 12/dgemm__THIN_12_close_gflops.png  used on input
 line 837.
(pdftex.def)             Requested size: 390.0pt x 194.99706pt.
[42 <./THIN 12/sgemm__THIN_12_spread_gflops.png> <./THIN 12/dgemm__THIN_12_clos
e_time.png>]
<THIN 12/dgemm__THIN_12_spread_time.png, id=461, 578.16pt x 289.08pt>
File: THIN 12/dgemm__THIN_12_spread_time.png Graphic file (type png)
<use THIN 12/dgemm__THIN_12_spread_time.png>
Package pdftex.def Info: THIN 12/dgemm__THIN_12_spread_time.png  used on input 
line 846.
(pdftex.def)             Requested size: 390.0pt x 194.99706pt.
 [43 <./THIN 12/dgemm__THIN_12_close_gflops.png>]
<THIN 12/dgemm__THIN_12_spread_gflops.png, id=468, 578.16pt x 289.08pt>
File: THIN 12/dgemm__THIN_12_spread_gflops.png Graphic file (type png)
<use THIN 12/dgemm__THIN_12_spread_gflops.png>
Package pdftex.def Info: THIN 12/dgemm__THIN_12_spread_gflops.png  used on inpu
t line 851.
(pdftex.def)             Requested size: 390.0pt x 194.99706pt.
 [44 <./THIN 12/dgemm__THIN_12_spread_time.png> <./THIN 12/dgemm__THIN_12_sprea
d_gflops.png>]
<THIN 12/sgemm_mkl_optimized_THIN_12_spread_time.png, id=479, 578.16pt x 289.08
pt>
File: THIN 12/sgemm_mkl_optimized_THIN_12_spread_time.png Graphic file (type pn
g)
<use THIN 12/sgemm_mkl_optimized_THIN_12_spread_time.png>
Package pdftex.def Info: THIN 12/sgemm_mkl_optimized_THIN_12_spread_time.png  u
sed on input line 880.
(pdftex.def)             Requested size: 390.0pt x 194.99706pt.
<THIN 12/sgemm_mkl_optimized_THIN_12_spread_gflops.png, id=480, 578.16pt x 289.
08pt>
File: THIN 12/sgemm_mkl_optimized_THIN_12_spread_gflops.png Graphic file (type 
png)
<use THIN 12/sgemm_mkl_optimized_THIN_12_spread_gflops.png>
Package pdftex.def Info: THIN 12/sgemm_mkl_optimized_THIN_12_spread_gflops.png 
 used on input line 885.
(pdftex.def)             Requested size: 390.0pt x 194.99706pt.

[45 <./THIN 12/sgemm_mkl_optimized_THIN_12_spread_time.png>]
<THIN 12/dgemm_mkl_optimized_THIN_12_spread_time.png, id=487, 578.16pt x 289.08
pt>
File: THIN 12/dgemm_mkl_optimized_THIN_12_spread_time.png Graphic file (type pn
g)
<use THIN 12/dgemm_mkl_optimized_THIN_12_spread_time.png>
Package pdftex.def Info: THIN 12/dgemm_mkl_optimized_THIN_12_spread_time.png  u
sed on input line 892.
(pdftex.def)             Requested size: 390.0pt x 194.99706pt.
<THIN 12/dgemm_mkl_optimized_THIN_12_spread_gflops.png, id=488, 578.16pt x 289.
08pt>
File: THIN 12/dgemm_mkl_optimized_THIN_12_spread_gflops.png Graphic file (type 
png)
<use THIN 12/dgemm_mkl_optimized_THIN_12_spread_gflops.png>
Package pdftex.def Info: THIN 12/dgemm_mkl_optimized_THIN_12_spread_gflops.png 
 used on input line 897.
(pdftex.def)             Requested size: 390.0pt x 194.99706pt.
 [46 <./THIN 12/sgemm_mkl_optimized_THIN_12_spread_gflops.png> <./THIN 12/dgemm
_mkl_optimized_THIN_12_spread_time.png>]
<THIN scalability/sgemm__THIN_10000_close_time.png, id=497, 578.16pt x 289.08pt
>
File: THIN scalability/sgemm__THIN_10000_close_time.png Graphic file (type png)

<use THIN scalability/sgemm__THIN_10000_close_time.png>
Package pdftex.def Info: THIN scalability/sgemm__THIN_10000_close_time.png  use
d on input line 909.
(pdftex.def)             Requested size: 390.0pt x 194.99706pt.
 [47 <./THIN 12/dgemm_mkl_optimized_THIN_12_spread_gflops.png>]
<THIN scalability/sgemm__THIN_10000_close_gflops.png, id=505, 578.16pt x 289.08
pt>
File: THIN scalability/sgemm__THIN_10000_close_gflops.png Graphic file (type pn
g)
<use THIN scalability/sgemm__THIN_10000_close_gflops.png>
Package pdftex.def Info: THIN scalability/sgemm__THIN_10000_close_gflops.png  u
sed on input line 914.
(pdftex.def)             Requested size: 390.0pt x 194.99706pt.
<THIN scalability/sgemm__THIN_10000_spread_time.png, id=506, 578.16pt x 289.08p
t>
File: THIN scalability/sgemm__THIN_10000_spread_time.png Graphic file (type png
)
<use THIN scalability/sgemm__THIN_10000_spread_time.png>
Package pdftex.def Info: THIN scalability/sgemm__THIN_10000_spread_time.png  us
ed on input line 923.
(pdftex.def)             Requested size: 390.0pt x 194.99706pt.
 [48 <./THIN scalability/sgemm__THIN_10000_close_time.png> <./THIN scalability/
sgemm__THIN_10000_close_gflops.png>]
<THIN scalability/sgemm__THIN_10000_spread_gflops.png, id=516, 578.16pt x 289.0
8pt>
File: THIN scalability/sgemm__THIN_10000_spread_gflops.png Graphic file (type p
ng)
<use THIN scalability/sgemm__THIN_10000_spread_gflops.png>
Package pdftex.def Info: THIN scalability/sgemm__THIN_10000_spread_gflops.png  
used on input line 928.
(pdftex.def)             Requested size: 390.0pt x 194.99706pt.
<THIN scalability/dgemm__THIN_10000_close_time.png, id=517, 578.16pt x 289.08pt
>
File: THIN scalability/dgemm__THIN_10000_close_time.png Graphic file (type png)

<use THIN scalability/dgemm__THIN_10000_close_time.png>
Package pdftex.def Info: THIN scalability/dgemm__THIN_10000_close_time.png  use
d on input line 937.
(pdftex.def)             Requested size: 390.0pt x 194.99706pt.
 [49 <./THIN scalability/sgemm__THIN_10000_spread_time.png> <./THIN scalability
/sgemm__THIN_10000_spread_gflops.png>]
<THIN scalability/dgemm__THIN_10000_close_gflops.png, id=526, 578.16pt x 289.08
pt>
File: THIN scalability/dgemm__THIN_10000_close_gflops.png Graphic file (type pn
g)
<use THIN scalability/dgemm__THIN_10000_close_gflops.png>
Package pdftex.def Info: THIN scalability/dgemm__THIN_10000_close_gflops.png  u
sed on input line 942.
(pdftex.def)             Requested size: 390.0pt x 194.99706pt.
<THIN scalability/dgemm__THIN_10000_spread_time.png, id=527, 578.16pt x 289.08p
t>
File: THIN scalability/dgemm__THIN_10000_spread_time.png Graphic file (type png
)
<use THIN scalability/dgemm__THIN_10000_spread_time.png>
Package pdftex.def Info: THIN scalability/dgemm__THIN_10000_spread_time.png  us
ed on input line 951.
(pdftex.def)             Requested size: 390.0pt x 194.99706pt.
[50 <./THIN scalability/dgemm__THIN_10000_close_time.png> <./THIN scalability/d
gemm__THIN_10000_close_gflops.png>]
<THIN scalability/dgemm__THIN_10000_spread_gflops.png, id=536, 578.16pt x 289.0
8pt>
File: THIN scalability/dgemm__THIN_10000_spread_gflops.png Graphic file (type p
ng)
<use THIN scalability/dgemm__THIN_10000_spread_gflops.png>
Package pdftex.def Info: THIN scalability/dgemm__THIN_10000_spread_gflops.png  
used on input line 956.
(pdftex.def)             Requested size: 390.0pt x 194.99706pt.
<THIN scalability deep/sgemm__THIN_10000_close_time.png, id=537, 578.16pt x 289
.08pt>
File: THIN scalability deep/sgemm__THIN_10000_close_time.png Graphic file (type
 png)
<use THIN scalability deep/sgemm__THIN_10000_close_time.png>
Package pdftex.def Info: THIN scalability deep/sgemm__THIN_10000_close_time.png
  used on input line 969.
(pdftex.def)             Requested size: 390.0pt x 194.99706pt.
 [51 <./THIN scalability/dgemm__THIN_10000_spread_time.png> <./THIN scalability
/dgemm__THIN_10000_spread_gflops.png>]
<THIN scalability deep/sgemm__THIN_10000_close_gflops.png, id=546, 578.16pt x 2
89.08pt>
File: THIN scalability deep/sgemm__THIN_10000_close_gflops.png Graphic file (ty
pe png)
<use THIN scalability deep/sgemm__THIN_10000_close_gflops.png>
Package pdftex.def Info: THIN scalability deep/sgemm__THIN_10000_close_gflops.p
ng  used on input line 974.
(pdftex.def)             Requested size: 390.0pt x 194.99706pt.
<THIN scalability deep/sgemm__THIN_10000_spread_time.png, id=547, 578.16pt x 28
9.08pt>
File: THIN scalability deep/sgemm__THIN_10000_spread_time.png Graphic file (typ
e png)
<use THIN scalability deep/sgemm__THIN_10000_spread_time.png>
Package pdftex.def Info: THIN scalability deep/sgemm__THIN_10000_spread_time.pn
g  used on input line 981.
(pdftex.def)             Requested size: 390.0pt x 194.99706pt.

[52 <./THIN scalability deep/sgemm__THIN_10000_close_time.png> <./THIN scalabil
ity deep/sgemm__THIN_10000_close_gflops.png>]
<THIN scalability deep/sgemm__THIN_10000_spread_gflops.png, id=556, 578.16pt x 
289.08pt>
File: THIN scalability deep/sgemm__THIN_10000_spread_gflops.png Graphic file (t
ype png)
<use THIN scalability deep/sgemm__THIN_10000_spread_gflops.png>
Package pdftex.def Info: THIN scalability deep/sgemm__THIN_10000_spread_gflops.
png  used on input line 986.
(pdftex.def)             Requested size: 390.0pt x 194.99706pt.
<THIN scalability deep/dgemm__THIN_10000_close_time.png, id=557, 578.16pt x 289
.08pt>
File: THIN scalability deep/dgemm__THIN_10000_close_time.png Graphic file (type
 png)
<use THIN scalability deep/dgemm__THIN_10000_close_time.png>
Package pdftex.def Info: THIN scalability deep/dgemm__THIN_10000_close_time.png
  used on input line 993.
(pdftex.def)             Requested size: 390.0pt x 194.99706pt.
 [53 <./THIN scalability deep/sgemm__THIN_10000_spread_time.png> <./THIN scalab
ility deep/sgemm__THIN_10000_spread_gflops.png>]
<THIN scalability deep/dgemm__THIN_10000_close_gflops.png, id=566, 578.16pt x 2
89.08pt>
File: THIN scalability deep/dgemm__THIN_10000_close_gflops.png Graphic file (ty
pe png)
<use THIN scalability deep/dgemm__THIN_10000_close_gflops.png>
Package pdftex.def Info: THIN scalability deep/dgemm__THIN_10000_close_gflops.p
ng  used on input line 998.
(pdftex.def)             Requested size: 390.0pt x 194.99706pt.
<THIN scalability deep/dgemm__THIN_10000_spread_time.png, id=567, 578.16pt x 28
9.08pt>
File: THIN scalability deep/dgemm__THIN_10000_spread_time.png Graphic file (typ
e png)
<use THIN scalability deep/dgemm__THIN_10000_spread_time.png>
Package pdftex.def Info: THIN scalability deep/dgemm__THIN_10000_spread_time.pn
g  used on input line 1004.
(pdftex.def)             Requested size: 390.0pt x 194.99706pt.
 [54 <./THIN scalability deep/dgemm__THIN_10000_close_time.png> <./THIN scalabi
lity deep/dgemm__THIN_10000_close_gflops.png>]
<THIN scalability deep/dgemm__THIN_10000_spread_gflops.png, id=577, 578.16pt x 
289.08pt>
File: THIN scalability deep/dgemm__THIN_10000_spread_gflops.png Graphic file (t
ype png)
<use THIN scalability deep/dgemm__THIN_10000_spread_gflops.png>
Package pdftex.def Info: THIN scalability deep/dgemm__THIN_10000_spread_gflops.
png  used on input line 1009.
(pdftex.def)             Requested size: 390.0pt x 194.99706pt.
<THIN speedUp/sgemm_mkl.x_THIN_10000_close_detailed__speedUp.png, id=578, 578.1
6pt x 289.08pt>
File: THIN speedUp/sgemm_mkl.x_THIN_10000_close_detailed__speedUp.png Graphic f
ile (type png)
<use THIN speedUp/sgemm_mkl.x_THIN_10000_close_detailed__speedUp.png>
Package pdftex.def Info: THIN speedUp/sgemm_mkl.x_THIN_10000_close_detailed__sp
eedUp.png  used on input line 1019.
(pdftex.def)             Requested size: 390.0pt x 194.99706pt.
 [55 <./THIN scalability deep/dgemm__THIN_10000_spread_time.png> <./THIN scalab
ility deep/dgemm__THIN_10000_spread_gflops.png>]
<THIN speedUp/sgemm_mkl.x_THIN_10000_spread_detailed__speedUp.png, id=588, 578.
16pt x 289.08pt>
File: THIN speedUp/sgemm_mkl.x_THIN_10000_spread_detailed__speedUp.png Graphic 
file (type png)
<use THIN speedUp/sgemm_mkl.x_THIN_10000_spread_detailed__speedUp.png>
Package pdftex.def Info: THIN speedUp/sgemm_mkl.x_THIN_10000_spread_detailed__s
peedUp.png  used on input line 1024.
(pdftex.def)             Requested size: 390.0pt x 194.99706pt.
<THIN speedUp/dgemm_mkl.x_THIN_10000_close_detailed__speedUp.png, id=589, 578.1
6pt x 289.08pt>
File: THIN speedUp/dgemm_mkl.x_THIN_10000_close_detailed__speedUp.png Graphic f
ile (type png)
<use THIN speedUp/dgemm_mkl.x_THIN_10000_close_detailed__speedUp.png>
Package pdftex.def Info: THIN speedUp/dgemm_mkl.x_THIN_10000_close_detailed__sp
eedUp.png  used on input line 1034.
(pdftex.def)             Requested size: 390.0pt x 194.99706pt.
 [56 <./THIN speedUp/sgemm_mkl.x_THIN_10000_close_detailed__speedUp.png> <./THI
N speedUp/sgemm_mkl.x_THIN_10000_spread_detailed__speedUp.png>]
<THIN speedUp/dgemm_mkl.x_THIN_10000_spread_detailed__speedUp.png, id=598, 578.
16pt x 289.08pt>
File: THIN speedUp/dgemm_mkl.x_THIN_10000_spread_detailed__speedUp.png Graphic 
file (type png)
<use THIN speedUp/dgemm_mkl.x_THIN_10000_spread_detailed__speedUp.png>
Package pdftex.def Info: THIN speedUp/dgemm_mkl.x_THIN_10000_spread_detailed__s
peedUp.png  used on input line 1040.
(pdftex.def)             Requested size: 390.0pt x 194.99706pt.
 [57 <./THIN speedUp/dgemm_mkl.x_THIN_10000_close_detailed__speedUp.png> <./THI
N speedUp/dgemm_mkl.x_THIN_10000_spread_detailed__speedUp.png>]
<EPYC 64/sgemm__EPYC_64_close_time.png, id=607, 578.16pt x 289.08pt>
File: EPYC 64/sgemm__EPYC_64_close_time.png Graphic file (type png)
<use EPYC 64/sgemm__EPYC_64_close_time.png>
Package pdftex.def Info: EPYC 64/sgemm__EPYC_64_close_time.png  used on input l
ine 1052.
(pdftex.def)             Requested size: 390.0pt x 194.99706pt.
<EPYC 64/sgemm__EPYC_64_close_gflops.png, id=608, 578.16pt x 289.08pt>
File: EPYC 64/sgemm__EPYC_64_close_gflops.png Graphic file (type png)
<use EPYC 64/sgemm__EPYC_64_close_gflops.png>
Package pdftex.def Info: EPYC 64/sgemm__EPYC_64_close_gflops.png  used on input
 line 1057.
(pdftex.def)             Requested size: 390.0pt x 194.99706pt.

[58 <./EPYC 64/sgemm__EPYC_64_close_time.png> <./EPYC 64/sgemm__EPYC_64_close_g
flops.png>]
<EPYC 64/sgemm__EPYC_64_spread_time.png, id=618, 578.16pt x 289.08pt>
File: EPYC 64/sgemm__EPYC_64_spread_time.png Graphic file (type png)
<use EPYC 64/sgemm__EPYC_64_spread_time.png>
Package pdftex.def Info: EPYC 64/sgemm__EPYC_64_spread_time.png  used on input 
line 1065.
(pdftex.def)             Requested size: 390.0pt x 194.99706pt.
<EPYC 64/sgemm__EPYC_64_spread_gflops.png, id=619, 578.16pt x 289.08pt>
File: EPYC 64/sgemm__EPYC_64_spread_gflops.png Graphic file (type png)
<use EPYC 64/sgemm__EPYC_64_spread_gflops.png>
Package pdftex.def Info: EPYC 64/sgemm__EPYC_64_spread_gflops.png  used on inpu
t line 1070.
(pdftex.def)             Requested size: 390.0pt x 194.99706pt.
<EPYC 64/dgemm__EPYC_64_close_time.png, id=620, 578.16pt x 289.08pt>
File: EPYC 64/dgemm__EPYC_64_close_time.png Graphic file (type png)
<use EPYC 64/dgemm__EPYC_64_close_time.png>
Package pdftex.def Info: EPYC 64/dgemm__EPYC_64_close_time.png  used on input l
ine 1078.
(pdftex.def)             Requested size: 390.0pt x 194.99706pt.
 [59 <./EPYC 64/sgemm__EPYC_64_spread_time.png> <./EPYC 64/sgemm__EPYC_64_sprea
d_gflops.png>]
<EPYC 64/dgemm__EPYC_64_close_gflops.png, id=629, 578.16pt x 289.08pt>
File: EPYC 64/dgemm__EPYC_64_close_gflops.png Graphic file (type png)
<use EPYC 64/dgemm__EPYC_64_close_gflops.png>
Package pdftex.def Info: EPYC 64/dgemm__EPYC_64_close_gflops.png  used on input
 line 1083.
(pdftex.def)             Requested size: 390.0pt x 194.99706pt.
<EPYC 64/dgemm__EPYC_64_spread_time.png, id=630, 578.16pt x 289.08pt>
File: EPYC 64/dgemm__EPYC_64_spread_time.png Graphic file (type png)
<use EPYC 64/dgemm__EPYC_64_spread_time.png>
Package pdftex.def Info: EPYC 64/dgemm__EPYC_64_spread_time.png  used on input 
line 1092.
(pdftex.def)             Requested size: 390.0pt x 194.99706pt.
 [60 <./EPYC 64/dgemm__EPYC_64_close_time.png> <./EPYC 64/dgemm__EPYC_64_close_
gflops.png>]
<EPYC 64/dgemm__EPYC_64_spread_gflops.png, id=640, 578.16pt x 289.08pt>
File: EPYC 64/dgemm__EPYC_64_spread_gflops.png Graphic file (type png)
<use EPYC 64/dgemm__EPYC_64_spread_gflops.png>
Package pdftex.def Info: EPYC 64/dgemm__EPYC_64_spread_gflops.png  used on inpu
t line 1097.
(pdftex.def)             Requested size: 390.0pt x 194.99706pt.
 [61 <./EPYC 64/dgemm__EPYC_64_spread_time.png> <./EPYC 64/dgemm__EPYC_64_sprea
d_gflops.png>]
<EPYC scalability/sgemm__EPYC_10000_close_time.png, id=650, 578.16pt x 289.08pt
>
File: EPYC scalability/sgemm__EPYC_10000_close_time.png Graphic file (type png)

<use EPYC scalability/sgemm__EPYC_10000_close_time.png>
Package pdftex.def Info: EPYC scalability/sgemm__EPYC_10000_close_time.png  use
d on input line 1116.
(pdftex.def)             Requested size: 390.0pt x 194.99706pt.
<EPYC scalability/sgemm__EPYC_10000_close_gflops.png, id=651, 578.16pt x 289.08
pt>
File: EPYC scalability/sgemm__EPYC_10000_close_gflops.png Graphic file (type pn
g)
<use EPYC scalability/sgemm__EPYC_10000_close_gflops.png>
Package pdftex.def Info: EPYC scalability/sgemm__EPYC_10000_close_gflops.png  u
sed on input line 1121.
(pdftex.def)             Requested size: 390.0pt x 194.99706pt.
 [62 <./EPYC scalability/sgemm__EPYC_10000_close_time.png>]
<EPYC scalability/sgemm__EPYC_10000_spread_time.png, id=659, 578.16pt x 289.08p
t>
File: EPYC scalability/sgemm__EPYC_10000_spread_time.png Graphic file (type png
)
<use EPYC scalability/sgemm__EPYC_10000_spread_time.png>
Package pdftex.def Info: EPYC scalability/sgemm__EPYC_10000_spread_time.png  us
ed on input line 1129.
(pdftex.def)             Requested size: 390.0pt x 194.99706pt.
<EPYC scalability/sgemm__EPYC_10000_spread_gflops.png, id=660, 578.16pt x 289.0
8pt>
File: EPYC scalability/sgemm__EPYC_10000_spread_gflops.png Graphic file (type p
ng)
<use EPYC scalability/sgemm__EPYC_10000_spread_gflops.png>
Package pdftex.def Info: EPYC scalability/sgemm__EPYC_10000_spread_gflops.png  
used on input line 1134.
(pdftex.def)             Requested size: 390.0pt x 194.99706pt.
 [63 <./EPYC scalability/sgemm__EPYC_10000_close_gflops.png> <./EPYC scalabilit
y/sgemm__EPYC_10000_spread_time.png>]
<EPYC scalability/dgemm__EPYC_10000_close_time.png, id=670, 578.16pt x 289.08pt
>
File: EPYC scalability/dgemm__EPYC_10000_close_time.png Graphic file (type png)

<use EPYC scalability/dgemm__EPYC_10000_close_time.png>
Package pdftex.def Info: EPYC scalability/dgemm__EPYC_10000_close_time.png  use
d on input line 1142.
(pdftex.def)             Requested size: 390.0pt x 194.99706pt.
<EPYC scalability/dgemm__EPYC_10000_close_gflops.png, id=671, 578.16pt x 289.08
pt>
File: EPYC scalability/dgemm__EPYC_10000_close_gflops.png Graphic file (type pn
g)
<use EPYC scalability/dgemm__EPYC_10000_close_gflops.png>
Package pdftex.def Info: EPYC scalability/dgemm__EPYC_10000_close_gflops.png  u
sed on input line 1147.
(pdftex.def)             Requested size: 390.0pt x 194.99706pt.
 [64 <./EPYC scalability/sgemm__EPYC_10000_spread_gflops.png> <./EPYC scalabili
ty/dgemm__EPYC_10000_close_time.png>]
<EPYC scalability/dgemm__EPYC_10000_spread_time.png, id=680, 578.16pt x 289.08p
t>
File: EPYC scalability/dgemm__EPYC_10000_spread_time.png Graphic file (type png
)
<use EPYC scalability/dgemm__EPYC_10000_spread_time.png>
Package pdftex.def Info: EPYC scalability/dgemm__EPYC_10000_spread_time.png  us
ed on input line 1156.
(pdftex.def)             Requested size: 390.0pt x 194.99706pt.
<EPYC scalability/dgemm__EPYC_10000_spread_gflops.png, id=681, 578.16pt x 289.0
8pt>
File: EPYC scalability/dgemm__EPYC_10000_spread_gflops.png Graphic file (type p
ng)
<use EPYC scalability/dgemm__EPYC_10000_spread_gflops.png>
Package pdftex.def Info: EPYC scalability/dgemm__EPYC_10000_spread_gflops.png  
used on input line 1161.
(pdftex.def)             Requested size: 390.0pt x 194.99706pt.
 [65 <./EPYC scalability/dgemm__EPYC_10000_close_gflops.png> <./EPYC scalabilit
y/dgemm__EPYC_10000_spread_time.png>]
<EPYC scalability deep/sgemm__EPYC_10000_close_time.png, id=690, 578.16pt x 289
.08pt>
File: EPYC scalability deep/sgemm__EPYC_10000_close_time.png Graphic file (type
 png)
<use EPYC scalability deep/sgemm__EPYC_10000_close_time.png>
Package pdftex.def Info: EPYC scalability deep/sgemm__EPYC_10000_close_time.png
  used on input line 1170.
(pdftex.def)             Requested size: 390.0pt x 194.99706pt.
<EPYC scalability deep/sgemm__EPYC_10000_close_gflops.png, id=691, 578.16pt x 2
89.08pt>
File: EPYC scalability deep/sgemm__EPYC_10000_close_gflops.png Graphic file (ty
pe png)
<use EPYC scalability deep/sgemm__EPYC_10000_close_gflops.png>
Package pdftex.def Info: EPYC scalability deep/sgemm__EPYC_10000_close_gflops.p
ng  used on input line 1175.
(pdftex.def)             Requested size: 390.0pt x 194.99706pt.
 [66 <./EPYC scalability/dgemm__EPYC_10000_spread_gflops.png> <./EPYC scalabili
ty deep/sgemm__EPYC_10000_close_time.png>]
<EPYC scalability deep/sgemm__EPYC_10000_spread_time.png, id=701, 578.16pt x 28
9.08pt>
File: EPYC scalability deep/sgemm__EPYC_10000_spread_time.png Graphic file (typ
e png)
<use EPYC scalability deep/sgemm__EPYC_10000_spread_time.png>
Package pdftex.def Info: EPYC scalability deep/sgemm__EPYC_10000_spread_time.pn
g  used on input line 1183.
(pdftex.def)             Requested size: 390.0pt x 194.99706pt.
<EPYC scalability deep/sgemm__EPYC_10000_spread_gflops.png, id=702, 578.16pt x 
289.08pt>
File: EPYC scalability deep/sgemm__EPYC_10000_spread_gflops.png Graphic file (t
ype png)
<use EPYC scalability deep/sgemm__EPYC_10000_spread_gflops.png>
Package pdftex.def Info: EPYC scalability deep/sgemm__EPYC_10000_spread_gflops.
png  used on input line 1188.
(pdftex.def)             Requested size: 390.0pt x 194.99706pt.
 [67 <./EPYC scalability deep/sgemm__EPYC_10000_close_gflops.png> <./EPYC scala
bility deep/sgemm__EPYC_10000_spread_time.png>]
<EPYC scalability deep/dgemm__EPYC_10000_close_time.png, id=711, 578.16pt x 289
.08pt>
File: EPYC scalability deep/dgemm__EPYC_10000_close_time.png Graphic file (type
 png)
<use EPYC scalability deep/dgemm__EPYC_10000_close_time.png>
Package pdftex.def Info: EPYC scalability deep/dgemm__EPYC_10000_close_time.png
  used on input line 1195.
(pdftex.def)             Requested size: 390.0pt x 194.99706pt.
<EPYC scalability deep/dgemm__EPYC_10000_close_gflops.png, id=712, 578.16pt x 2
89.08pt>
File: EPYC scalability deep/dgemm__EPYC_10000_close_gflops.png Graphic file (ty
pe png)
<use EPYC scalability deep/dgemm__EPYC_10000_close_gflops.png>
Package pdftex.def Info: EPYC scalability deep/dgemm__EPYC_10000_close_gflops.p
ng  used on input line 1200.
(pdftex.def)             Requested size: 390.0pt x 194.99706pt.

[68 <./EPYC scalability deep/sgemm__EPYC_10000_spread_gflops.png> <./EPYC scala
bility deep/dgemm__EPYC_10000_close_time.png>]
<EPYC scalability deep/dgemm__EPYC_10000_spread_time.png, id=721, 578.16pt x 28
9.08pt>
File: EPYC scalability deep/dgemm__EPYC_10000_spread_time.png Graphic file (typ
e png)
<use EPYC scalability deep/dgemm__EPYC_10000_spread_time.png>
Package pdftex.def Info: EPYC scalability deep/dgemm__EPYC_10000_spread_time.pn
g  used on input line 1209.
(pdftex.def)             Requested size: 390.0pt x 194.99706pt.
<EPYC scalability deep/dgemm__EPYC_10000_spread_gflops.png, id=722, 578.16pt x 
289.08pt>
File: EPYC scalability deep/dgemm__EPYC_10000_spread_gflops.png Graphic file (t
ype png)
<use EPYC scalability deep/dgemm__EPYC_10000_spread_gflops.png>
Package pdftex.def Info: EPYC scalability deep/dgemm__EPYC_10000_spread_gflops.
png  used on input line 1214.
(pdftex.def)             Requested size: 390.0pt x 194.99706pt.
 [69 <./EPYC scalability deep/dgemm__EPYC_10000_close_gflops.png> <./EPYC scala
bility deep/dgemm__EPYC_10000_spread_time.png>] [70 <./EPYC scalability deep/dg
emm__EPYC_10000_spread_gflops.png>] (./report.aux)

LaTeX Warning: Label(s) may have changed. Rerun to get cross-references right.

Package rerunfilecheck Info: File `report.out' has not changed.
(rerunfilecheck)             Checksum: 78FCD1ACD7E0E7C77745ED7EAAAE059D;3892.
 ) 
Here is how much of TeX's memory you used:
 14749 strings out of 480204
 262485 string characters out of 5895010
 556254 words of memory out of 5000000
 32196 multiletter control sequences out of 15000+600000
 487659 words of font info for 75 fonts, out of 8000000 for 9000
 36 hyphenation exceptions out of 8191
 108i,10n,106p,494b,489s stack positions out of 5000i,500n,10000p,200000b,80000s
 </home/joel/.texlive2021/texmf-var/fonts/pk/ljfour/jknappen/ec/ectt1200.600p
k> </home/joel/.texlive2021/texmf-var/fonts/pk/ljfour/jknappen/ec/ecbi1440.600p
k> </home/joel/.texlive2021/texmf-var/fonts/pk/ljfour/jknappen/ec/ecbx1440.600p
k> </home/joel/.texlive2021/texmf-var/fonts/pk/ljfour/jknappen/ec/tcrm1200.600p
k> </home/joel/.texlive2021/texmf-var/fonts/pk/ljfour/jknappen/ec/ecbx1728.600p
k> </home/joel/.texlive2021/texmf-var/fonts/pk/ljfour/jknappen/ec/ecti1200.600p
k> </home/joel/.texlive2021/texmf-var/fonts/pk/ljfour/jknappen/ec/ecrm1200.600p
k> </home/joel/.texlive2021/texmf-var/fonts/pk/ljfour/jknappen/ec/ecbx1200.600p
k> </home/joel/.texlive2021/texmf-var/fonts/pk/ljfour/jknappen/ec/ecbx2488.600p
k> </home/joel/.texlive2021/texmf-var/fonts/pk/ljfour/jknappen/ec/ecrm1440.600p
k> </home/joel/.texlive2021/texmf-var/fonts/pk/ljfour/jknappen/ec/ecrm2074.600p
k></usr/share/texlive/texmf-dist/fonts/type1/public/amsfonts/cm/cmex10.pfb></us
r/share/texlive/texmf-dist/fonts/type1/public/amsfonts/cm/cmmi12.pfb></usr/shar
e/texlive/texmf-dist/fonts/type1/public/amsfonts/cm/cmmi8.pfb></usr/share/texli
ve/texmf-dist/fonts/type1/public/amsfonts/cm/cmr12.pfb></usr/share/texlive/texm
f-dist/fonts/type1/public/amsfonts/cm/cmr8.pfb></usr/share/texlive/texmf-dist/f
onts/type1/public/amsfonts/cm/cmsy10.pfb></usr/share/texlive/texmf-dist/fonts/t
ype1/public/amsfonts/cm/cmsy8.pfb>
Output written on report.pdf (71 pages, 3553306 bytes).
PDF statistics:
 1234 PDF objects out of 1440 (max. 8388607)
 590 compressed objects within 6 object streams
 215 named destinations out of 1000 (max. 500000)
 624 words of extra memory for PDF output out of 10000 (max. 10000000)

